Using pre-set license
Built from '2021.3/staging' branch; Version is '2021.3.34f1 (25266724e7bd) revision 2434663'; Using compiler version '192829333'; Build Type 'Release'
OS: 'Windows 10  (10.0.19045) 64bit Core' Language: 'ru' Physical Memory: 32560 MB
BatchMode: 1, IsHumanControllingUs: 0, StartBugReporterOnCrash: 0, Is64bit: 1, IsPro: 1

COMMAND LINE ARGUMENTS:
D:\Programing\Unity\2021.3.34f1\Editor\Unity.exe
-adb2
-batchMode
-noUpm
-name
AssetImportWorker3
-projectPath
D:/Skillbox/Разработка игр на Unity с нуля/Platformer/Platformer
-logFile
Logs/AssetImportWorker3.log
-srvPort
58353
Successfully changed project path to: D:/Skillbox/Разработка игр на Unity с нуля/Platformer/Platformer
D:/Skillbox/Разработка игр на Unity с нуля/Platformer/Platformer
[UnityMemory] Configuration Parameters - Can be set up in boot.config
    "memorysetup-bucket-allocator-granularity=16"
    "memorysetup-bucket-allocator-bucket-count=8"
    "memorysetup-bucket-allocator-block-size=33554432"
    "memorysetup-bucket-allocator-block-count=8"
    "memorysetup-main-allocator-block-size=16777216"
    "memorysetup-thread-allocator-block-size=16777216"
    "memorysetup-gfx-main-allocator-block-size=16777216"
    "memorysetup-gfx-thread-allocator-block-size=16777216"
    "memorysetup-cache-allocator-block-size=4194304"
    "memorysetup-typetree-allocator-block-size=2097152"
    "memorysetup-profiler-bucket-allocator-granularity=16"
    "memorysetup-profiler-bucket-allocator-bucket-count=8"
    "memorysetup-profiler-bucket-allocator-block-size=33554432"
    "memorysetup-profiler-bucket-allocator-block-count=8"
    "memorysetup-profiler-allocator-block-size=16777216"
    "memorysetup-profiler-editor-allocator-block-size=1048576"
    "memorysetup-temp-allocator-size-main=16777216"
    "memorysetup-job-temp-allocator-block-size=2097152"
    "memorysetup-job-temp-allocator-block-size-background=1048576"
    "memorysetup-job-temp-allocator-reduction-small-platforms=262144"
    "memorysetup-temp-allocator-size-background-worker=32768"
    "memorysetup-temp-allocator-size-job-worker=262144"
    "memorysetup-temp-allocator-size-preload-manager=33554432"
    "memorysetup-temp-allocator-size-nav-mesh-worker=65536"
    "memorysetup-temp-allocator-size-audio-worker=65536"
    "memorysetup-temp-allocator-size-cloud-worker=32768"
    "memorysetup-temp-allocator-size-gi-baking-worker=262144"
    "memorysetup-temp-allocator-size-gfx=262144"
Player connection [21844] Host "[IP] 192.168.0.120 [Port] 0 [Flags] 2 [Guid] 3757682325 [EditorId] 3757682325 [Version] 1048832 [Id] WindowsEditor(7,PC) [Debug] 1 [PackageName] WindowsEditor [ProjectName] Editor" joined multi-casting on [225.0.0.222:54997]...

Player connection [21844] Host "[IP] 192.168.0.120 [Port] 0 [Flags] 2 [Guid] 3757682325 [EditorId] 3757682325 [Version] 1048832 [Id] WindowsEditor(7,PC) [Debug] 1 [PackageName] WindowsEditor [ProjectName] Editor" joined alternative multi-casting on [225.0.0.222:34997]...

[Physics::Module] Initialized MultithreadedJobDispatcher with {0} workers.
Refreshing native plugins compatible for Editor in 79.67 ms, found 4 plugins.
Preloading 0 native plugins for Editor in 0.00 ms.
Initialize engine version: 2021.3.34f1 (25266724e7bd)
[Subsystems] Discovering subsystems at path D:/Programing/Unity/2021.3.34f1/Editor/Data/Resources/UnitySubsystems
[Subsystems] Discovering subsystems at path D:/Skillbox/Разработка игр на Unity с нуля/Platformer/Platformer/Assets
GfxDevice: creating device client; threaded=0; jobified=0
Direct3D:
    Version:  Direct3D 11.0 [level 11.1]
    Renderer: NVIDIA GeForce RTX 4070 (ID=0x2786)
    Vendor:   NVIDIA
    VRAM:     12011 MB
    Driver:   31.0.15.5161
Initialize mono
Mono path[0] = 'D:/Programing/Unity/2021.3.34f1/Editor/Data/Managed'
Mono path[1] = 'D:/Programing/Unity/2021.3.34f1/Editor/Data/MonoBleedingEdge/lib/mono/unityjit-win32'
Mono config path = 'D:/Programing/Unity/2021.3.34f1/Editor/Data/MonoBleedingEdge/etc'
Using monoOptions --debugger-agent=transport=dt_socket,embedding=1,server=y,suspend=n,address=127.0.0.1:56140
Begin MonoManager ReloadAssembly
Registering precompiled unity dll's ...
Register platform support module: D:/Programing/Unity/2021.3.34f1/Editor/Data/PlaybackEngines/WindowsStandaloneSupport/UnityEditor.WindowsStandalone.Extensions.dll
Registered in 0.003011 seconds.
Native extension for WindowsStandalone target not found
Refreshing native plugins compatible for Editor in 78.08 ms, found 4 plugins.
Preloading 0 native plugins for Editor in 0.00 ms.
Mono: successfully reloaded assembly
- Completed reload, in  0.582 seconds
Domain Reload Profiling:
	ReloadAssembly (583ms)
		BeginReloadAssembly (81ms)
			ExecutionOrderSort (0ms)
			DisableScriptedObjects (0ms)
			BackupInstance (0ms)
			ReleaseScriptingObjects (0ms)
			CreateAndSetChildDomain (1ms)
		EndReloadAssembly (423ms)
			LoadAssemblies (80ms)
			RebuildTransferFunctionScriptingTraits (0ms)
			SetupTypeCache (95ms)
			ReleaseScriptCaches (0ms)
			RebuildScriptCaches (30ms)
			SetupLoadedEditorAssemblies (264ms)
				LogAssemblyErrors (0ms)
				InitializePlatformSupportModulesInManaged (7ms)
				SetLoadedEditorAssemblies (0ms)
				RefreshPlugins (78ms)
				BeforeProcessingInitializeOnLoad (1ms)
				ProcessInitializeOnLoadAttributes (133ms)
				ProcessInitializeOnLoadMethodAttributes (45ms)
				AfterProcessingInitializeOnLoad (0ms)
				EditorAssembliesLoaded (0ms)
			ExecutionOrderSort2 (0ms)
			AwakeInstancesAfterBackupRestoration (0ms)
Platform modules already initialized, skipping
Registering precompiled user dll's ...
Registered in 0.004006 seconds.
Begin MonoManager ReloadAssembly
Native extension for WindowsStandalone target not found
Refreshing native plugins compatible for Editor in 80.22 ms, found 4 plugins.
Preloading 0 native plugins for Editor in 0.00 ms.
Package Manager log level set to [2]
[Package Manager] Server::EnsureServerProcessIsRunning -- launch failed, reason: Unity was launched with the -noUpm command-line argument
[Package Manager] Cannot connect to Unity Package Manager local server
Mono: successfully reloaded assembly
- Completed reload, in  1.494 seconds
Domain Reload Profiling:
	ReloadAssembly (1495ms)
		BeginReloadAssembly (134ms)
			ExecutionOrderSort (0ms)
			DisableScriptedObjects (7ms)
			BackupInstance (0ms)
			ReleaseScriptingObjects (0ms)
			CreateAndSetChildDomain (23ms)
		EndReloadAssembly (1261ms)
			LoadAssemblies (101ms)
			RebuildTransferFunctionScriptingTraits (0ms)
			SetupTypeCache (220ms)
			ReleaseScriptCaches (1ms)
			RebuildScriptCaches (59ms)
			SetupLoadedEditorAssemblies (870ms)
				LogAssemblyErrors (0ms)
				InitializePlatformSupportModulesInManaged (4ms)
				SetLoadedEditorAssemblies (0ms)
				RefreshPlugins (80ms)
				BeforeProcessingInitializeOnLoad (88ms)
				ProcessInitializeOnLoadAttributes (658ms)
				ProcessInitializeOnLoadMethodAttributes (38ms)
				AfterProcessingInitializeOnLoad (2ms)
				EditorAssembliesLoaded (0ms)
			ExecutionOrderSort2 (0ms)
			AwakeInstancesAfterBackupRestoration (5ms)
Platform modules already initialized, skipping
========================================================================
Worker process is ready to serve import requests
Launched and connected shader compiler UnityShaderCompiler.exe after 0.04 seconds
Refreshing native plugins compatible for Editor in 0.71 ms, found 4 plugins.
Preloading 0 native plugins for Editor in 0.00 ms.
Unloading 3830 Unused Serialized files (Serialized files now loaded: 0)
Unloading 36 unused Assets / (46.4 KB). Loaded Objects now: 4288.
Memory consumption went from 148.3 MB to 148.3 MB.
Total: 3.522300 ms (FindLiveObjects: 0.371800 ms CreateObjectMapping: 0.333200 ms MarkObjects: 2.739300 ms  DeleteObjects: 0.076700 ms)

AssetImportParameters requested are different than current active one (requested -> active):
  custom:video-decoder-ogg-theora: a1e56fd34408186e4bbccfd4996cb3dc -> 
  custom:container-muxer-webm: aa71ff27fc2769a1b78a27578f13a17b -> 
  custom:container-demuxer-webm: 4f35f7cbe854078d1ac9338744f61a02 -> 
  custom:video-encoder-webm-vp8: eb34c28f22e8b96e1ab97ce403110664 -> 
  custom:CustomObjectIndexerAttribute: bc11b3a6c3213fcdd17b65e7da85e133 -> 
  custom:audio-encoder-webm-vorbis: bf7c407c2cedff20999df2af8eb42d56 -> 
  custom:framework-win-MediaFoundation: 216162199b28c13a410421893ffa2e32 -> 
  custom:SearchIndexIgnoredProperties: e643bd26f0fe6173181afceb89e7c659 -> 
  custom:container-demuxer-ogg: 62fdf1f143b41e24485cea50d1cbac27 -> 
  custom:video-decoder-webm-vp8: 9c59270c3fd7afecdb556c50c9e8de78 -> 
  custom:audio-decoder-ogg-vorbis: bf7c407c2cedff20999df2af8eb42d56 -> 
========================================================================
Received Import Request.
  Time since last request: 19429.556014 seconds.
  path: Assets/Sprites/Player/Colour1/Outline/120x80_PNGSheets/_Attack2.png
  artifactKey: Guid(19564fc410e5768448062253f0a4d06c) Importer(815301076,1909f56bfc062723c751e8b465ee728b)
Number of updated assets reloaded before import = 0
Start importing Assets/Sprites/Player/Colour1/Outline/120x80_PNGSheets/_Attack2.png using Guid(19564fc410e5768448062253f0a4d06c) Importer(815301076,1909f56bfc062723c751e8b465ee728b)  -> (artifact id: '30075c36ebd71963a937b2ad787645dc') in 0.142400 seconds 
Number of asset objects unloaded after import = 3
========================================================================
Received Import Request.
  Time since last request: 0.000030 seconds.
  path: Assets/Sprites/Player/Colour1/Outline/120x80_PNGSheets/_Death.png
  artifactKey: Guid(641b9e822ebcec746948d6d77cc15218) Importer(815301076,1909f56bfc062723c751e8b465ee728b)
Number of updated assets reloaded before import = 0
Start importing Assets/Sprites/Player/Colour1/Outline/120x80_PNGSheets/_Death.png using Guid(641b9e822ebcec746948d6d77cc15218) Importer(815301076,1909f56bfc062723c751e8b465ee728b)  -> (artifact id: '2fa148e6a76b1eff5f5d752181645806') in 0.045250 seconds 
Number of asset objects unloaded after import = 3
========================================================================
Received Import Request.
  Time since last request: 0.000026 seconds.
  path: Assets/Sprites/Player/Colour1/Outline/120x80_PNGSheets/_SlideFull.png
  artifactKey: Guid(2f2f7806c63e6a241a828064d1d66c0c) Importer(815301076,1909f56bfc062723c751e8b465ee728b)
Number of updated assets reloaded before import = 0
Start importing Assets/Sprites/Player/Colour1/Outline/120x80_PNGSheets/_SlideFull.png using Guid(2f2f7806c63e6a241a828064d1d66c0c) Importer(815301076,1909f56bfc062723c751e8b465ee728b)  -> (artifact id: 'f0251dec5eda1784979bc9f4ae386f78') in 0.051574 seconds 
Number of asset objects unloaded after import = 3
========================================================================
Received Import Request.
  Time since last request: 0.000032 seconds.
  path: Assets/Sprites/Player/Colour1/Outline/120x80_PNGSheets/_Crouch.png
  artifactKey: Guid(76fb883875e531d4297722b956415a19) Importer(815301076,1909f56bfc062723c751e8b465ee728b)
Number of updated assets reloaded before import = 0
Start importing Assets/Sprites/Player/Colour1/Outline/120x80_PNGSheets/_Crouch.png using Guid(76fb883875e531d4297722b956415a19) Importer(815301076,1909f56bfc062723c751e8b465ee728b)  -> (artifact id: '9b38cf5ef94c0a65d711679dd0c19743') in 0.096111 seconds 
Number of asset objects unloaded after import = 3
========================================================================
Received Import Request.
  Time since last request: 0.000019 seconds.
  path: Assets/Sprites/Player/Colour1/Outline/120x80_PNGSheets/_CrouchFull.png
  artifactKey: Guid(b6e4c0845d82b254191b6728ee6fc8b2) Importer(815301076,1909f56bfc062723c751e8b465ee728b)
Number of updated assets reloaded before import = 0
Start importing Assets/Sprites/Player/Colour1/Outline/120x80_PNGSheets/_CrouchFull.png using Guid(b6e4c0845d82b254191b6728ee6fc8b2) Importer(815301076,1909f56bfc062723c751e8b465ee728b)  -> (artifact id: '9ed51cbe46d27edd860fb493da2ca62a') in 0.034133 seconds 
Number of asset objects unloaded after import = 3
========================================================================
Received Import Request.
  Time since last request: 0.000021 seconds.
  path: Assets/Sprites/Player/Colour1/Outline/120x80_PNGSheets/_CrouchAttack.png
  artifactKey: Guid(28dad71cd6f877e408cdbe6a8c77ad56) Importer(815301076,1909f56bfc062723c751e8b465ee728b)
Number of updated assets reloaded before import = 0
Start importing Assets/Sprites/Player/Colour1/Outline/120x80_PNGSheets/_CrouchAttack.png using Guid(28dad71cd6f877e408cdbe6a8c77ad56) Importer(815301076,1909f56bfc062723c751e8b465ee728b)  -> (artifact id: '5fb516ab5f32799402a9a83e658efbd1') in 0.020217 seconds 
Number of asset objects unloaded after import = 3
========================================================================
Received Import Request.
  Time since last request: 0.000025 seconds.
  path: Assets/Sprites/Player/Colour1/Outline/120x80_PNGSheets/_Fall.png
  artifactKey: Guid(2b74550cd798cb14c9556b882854a62e) Importer(815301076,1909f56bfc062723c751e8b465ee728b)
Number of updated assets reloaded before import = 0
Start importing Assets/Sprites/Player/Colour1/Outline/120x80_PNGSheets/_Fall.png using Guid(2b74550cd798cb14c9556b882854a62e) Importer(815301076,1909f56bfc062723c751e8b465ee728b)  -> (artifact id: '14905fe02001d476f11b3ef4e819bc6b') in 0.019749 seconds 
Number of asset objects unloaded after import = 3
========================================================================
Received Import Request.
  Time since last request: 0.000019 seconds.
  path: Assets/Sprites/Player/Colour1/Outline/120x80_PNGSheets/_SlideTransitionStart.png
  artifactKey: Guid(cb2cf572f6e724d4aa5b32a74fd6d686) Importer(815301076,1909f56bfc062723c751e8b465ee728b)
Number of updated assets reloaded before import = 0
Start importing Assets/Sprites/Player/Colour1/Outline/120x80_PNGSheets/_SlideTransitionStart.png using Guid(cb2cf572f6e724d4aa5b32a74fd6d686) Importer(815301076,1909f56bfc062723c751e8b465ee728b)  -> (artifact id: '54e39dda7465f49b267ab592b5da340b') in 0.014673 seconds 
Number of asset objects unloaded after import = 3
========================================================================
Received Import Request.
  Time since last request: 0.000022 seconds.
  path: Assets/Sprites/Player/Colour1/Outline/120x80_PNGSheets/_Attack2NoMovement.png
  artifactKey: Guid(f54d4784855560d4e88534dea1465a70) Importer(815301076,1909f56bfc062723c751e8b465ee728b)
Number of updated assets reloaded before import = 0
Start importing Assets/Sprites/Player/Colour1/Outline/120x80_PNGSheets/_Attack2NoMovement.png using Guid(f54d4784855560d4e88534dea1465a70) Importer(815301076,1909f56bfc062723c751e8b465ee728b)  -> (artifact id: '898db2573de7996230e5cba723ba0169') in 0.019048 seconds 
Number of asset objects unloaded after import = 3
========================================================================
Received Import Request.
  Time since last request: 0.000024 seconds.
  path: Assets/Sprites/Player/Colour1/Outline/120x80_PNGSheets/_Jump.png
  artifactKey: Guid(05c7d7f3a021e924492bcf25babb3d2f) Importer(815301076,1909f56bfc062723c751e8b465ee728b)
Number of updated assets reloaded before import = 0
Start importing Assets/Sprites/Player/Colour1/Outline/120x80_PNGSheets/_Jump.png using Guid(05c7d7f3a021e924492bcf25babb3d2f) Importer(815301076,1909f56bfc062723c751e8b465ee728b)  -> (artifact id: 'c41c47a4b5d1f57052076bb86ac48ec6') in 0.017275 seconds 
Number of asset objects unloaded after import = 3
========================================================================
Received Import Request.
  Time since last request: 0.000037 seconds.
  path: Assets/Sprites/Player/Colour1/Outline/120x80_PNGSheets/_AttackComboNoMovement.png
  artifactKey: Guid(592cc2d4cd375554c99be4c43a55f164) Importer(815301076,1909f56bfc062723c751e8b465ee728b)
Number of updated assets reloaded before import = 0
Start importing Assets/Sprites/Player/Colour1/Outline/120x80_PNGSheets/_AttackComboNoMovement.png using Guid(592cc2d4cd375554c99be4c43a55f164) Importer(815301076,1909f56bfc062723c751e8b465ee728b)  -> (artifact id: '59c9965448281ca2a0190d2f7739947d') in 0.019760 seconds 
Number of asset objects unloaded after import = 3
========================================================================
Received Import Request.
  Time since last request: 0.000017 seconds.
  path: Assets/Sprites/Player/Colour1/Outline/120x80_PNGSheets/_Run.png
  artifactKey: Guid(dc8f4c26ee781eb4384eb3e7e93af414) Importer(815301076,1909f56bfc062723c751e8b465ee728b)
Number of updated assets reloaded before import = 0
Start importing Assets/Sprites/Player/Colour1/Outline/120x80_PNGSheets/_Run.png using Guid(dc8f4c26ee781eb4384eb3e7e93af414) Importer(815301076,1909f56bfc062723c751e8b465ee728b)  -> (artifact id: '0b8899a0ee6da415644a69f31660055c') in 0.022313 seconds 
Number of asset objects unloaded after import = 3
========================================================================
Received Import Request.
  Time since last request: 0.000026 seconds.
  path: Assets/Sprites/Player/Colour1/Outline/120x80_PNGSheets/_WallHang.png
  artifactKey: Guid(64cb55c201757a449992dc0e2eff28d7) Importer(815301076,1909f56bfc062723c751e8b465ee728b)
Number of updated assets reloaded before import = 0
Start importing Assets/Sprites/Player/Colour1/Outline/120x80_PNGSheets/_WallHang.png using Guid(64cb55c201757a449992dc0e2eff28d7) Importer(815301076,1909f56bfc062723c751e8b465ee728b)  -> (artifact id: '1dad7bd68d538f2f4fed06d469b7ddc6') in 0.016234 seconds 
Number of asset objects unloaded after import = 3
Editor requested this worker to shutdown with reason: Scaling down because of idle timeout
AssetImportWorker is now disconnected from the server
Process exiting
Exiting without the bug reporter. Application will terminate with return code 0