Using pre-set license
Built from '2021.3/staging' branch; Version is '2021.3.34f1 (25266724e7bd) revision 2434663'; Using compiler version '192829333'; Build Type 'Release'
OS: 'Windows 10  (10.0.19045) 64bit Core' Language: 'ru' Physical Memory: 32560 MB
BatchMode: 1, IsHumanControllingUs: 0, StartBugReporterOnCrash: 0, Is64bit: 1, IsPro: 1

COMMAND LINE ARGUMENTS:
D:\Programing\Unity\2021.3.34f1\Editor\Unity.exe
-adb2
-batchMode
-noUpm
-name
AssetImportWorker4
-projectPath
D:/Skillbox/Разработка игр на Unity с нуля/Platformer/Platformer
-logFile
Logs/AssetImportWorker4.log
-srvPort
58353
Successfully changed project path to: D:/Skillbox/Разработка игр на Unity с нуля/Platformer/Platformer
D:/Skillbox/Разработка игр на Unity с нуля/Platformer/Platformer
[UnityMemory] Configuration Parameters - Can be set up in boot.config
    "memorysetup-bucket-allocator-granularity=16"
    "memorysetup-bucket-allocator-bucket-count=8"
    "memorysetup-bucket-allocator-block-size=33554432"
    "memorysetup-bucket-allocator-block-count=8"
    "memorysetup-main-allocator-block-size=16777216"
    "memorysetup-thread-allocator-block-size=16777216"
    "memorysetup-gfx-main-allocator-block-size=16777216"
    "memorysetup-gfx-thread-allocator-block-size=16777216"
    "memorysetup-cache-allocator-block-size=4194304"
    "memorysetup-typetree-allocator-block-size=2097152"
    "memorysetup-profiler-bucket-allocator-granularity=16"
    "memorysetup-profiler-bucket-allocator-bucket-count=8"
    "memorysetup-profiler-bucket-allocator-block-size=33554432"
    "memorysetup-profiler-bucket-allocator-block-count=8"
    "memorysetup-profiler-allocator-block-size=16777216"
    "memorysetup-profiler-editor-allocator-block-size=1048576"
    "memorysetup-temp-allocator-size-main=16777216"
    "memorysetup-job-temp-allocator-block-size=2097152"
    "memorysetup-job-temp-allocator-block-size-background=1048576"
    "memorysetup-job-temp-allocator-reduction-small-platforms=262144"
    "memorysetup-temp-allocator-size-background-worker=32768"
    "memorysetup-temp-allocator-size-job-worker=262144"
    "memorysetup-temp-allocator-size-preload-manager=33554432"
    "memorysetup-temp-allocator-size-nav-mesh-worker=65536"
    "memorysetup-temp-allocator-size-audio-worker=65536"
    "memorysetup-temp-allocator-size-cloud-worker=32768"
    "memorysetup-temp-allocator-size-gi-baking-worker=262144"
    "memorysetup-temp-allocator-size-gfx=262144"
Player connection [16412] Host "[IP] 192.168.0.120 [Port] 0 [Flags] 2 [Guid] 3628238887 [EditorId] 3628238887 [Version] 1048832 [Id] WindowsEditor(7,PC) [Debug] 1 [PackageName] WindowsEditor [ProjectName] Editor" joined multi-casting on [225.0.0.222:54997]...

Player connection [16412] Host "[IP] 192.168.0.120 [Port] 0 [Flags] 2 [Guid] 3628238887 [EditorId] 3628238887 [Version] 1048832 [Id] WindowsEditor(7,PC) [Debug] 1 [PackageName] WindowsEditor [ProjectName] Editor" joined alternative multi-casting on [225.0.0.222:34997]...

[Physics::Module] Initialized MultithreadedJobDispatcher with {0} workers.
Refreshing native plugins compatible for Editor in 80.44 ms, found 4 plugins.
Preloading 0 native plugins for Editor in 0.00 ms.
Initialize engine version: 2021.3.34f1 (25266724e7bd)
[Subsystems] Discovering subsystems at path D:/Programing/Unity/2021.3.34f1/Editor/Data/Resources/UnitySubsystems
[Subsystems] Discovering subsystems at path D:/Skillbox/Разработка игр на Unity с нуля/Platformer/Platformer/Assets
GfxDevice: creating device client; threaded=0; jobified=0
Direct3D:
    Version:  Direct3D 11.0 [level 11.1]
    Renderer: NVIDIA GeForce RTX 4070 (ID=0x2786)
    Vendor:   NVIDIA
    VRAM:     12011 MB
    Driver:   31.0.15.5161
Initialize mono
Mono path[0] = 'D:/Programing/Unity/2021.3.34f1/Editor/Data/Managed'
Mono path[1] = 'D:/Programing/Unity/2021.3.34f1/Editor/Data/MonoBleedingEdge/lib/mono/unityjit-win32'
Mono config path = 'D:/Programing/Unity/2021.3.34f1/Editor/Data/MonoBleedingEdge/etc'
Using monoOptions --debugger-agent=transport=dt_socket,embedding=1,server=y,suspend=n,address=127.0.0.1:56232
Begin MonoManager ReloadAssembly
Registering precompiled unity dll's ...
Register platform support module: D:/Programing/Unity/2021.3.34f1/Editor/Data/PlaybackEngines/WindowsStandaloneSupport/UnityEditor.WindowsStandalone.Extensions.dll
Registered in 0.003120 seconds.
Native extension for WindowsStandalone target not found
Refreshing native plugins compatible for Editor in 77.85 ms, found 4 plugins.
Preloading 0 native plugins for Editor in 0.00 ms.
Mono: successfully reloaded assembly
- Completed reload, in  0.581 seconds
Domain Reload Profiling:
	ReloadAssembly (582ms)
		BeginReloadAssembly (79ms)
			ExecutionOrderSort (0ms)
			DisableScriptedObjects (0ms)
			BackupInstance (0ms)
			ReleaseScriptingObjects (0ms)
			CreateAndSetChildDomain (1ms)
		EndReloadAssembly (424ms)
			LoadAssemblies (78ms)
			RebuildTransferFunctionScriptingTraits (0ms)
			SetupTypeCache (95ms)
			ReleaseScriptCaches (0ms)
			RebuildScriptCaches (30ms)
			SetupLoadedEditorAssemblies (266ms)
				LogAssemblyErrors (0ms)
				InitializePlatformSupportModulesInManaged (7ms)
				SetLoadedEditorAssemblies (0ms)
				RefreshPlugins (78ms)
				BeforeProcessingInitializeOnLoad (1ms)
				ProcessInitializeOnLoadAttributes (133ms)
				ProcessInitializeOnLoadMethodAttributes (46ms)
				AfterProcessingInitializeOnLoad (0ms)
				EditorAssembliesLoaded (0ms)
			ExecutionOrderSort2 (0ms)
			AwakeInstancesAfterBackupRestoration (0ms)
Platform modules already initialized, skipping
Registering precompiled user dll's ...
Registered in 0.003794 seconds.
Begin MonoManager ReloadAssembly
Native extension for WindowsStandalone target not found
Refreshing native plugins compatible for Editor in 101.02 ms, found 4 plugins.
Preloading 0 native plugins for Editor in 0.00 ms.
Package Manager log level set to [2]
[Package Manager] Server::EnsureServerProcessIsRunning -- launch failed, reason: Unity was launched with the -noUpm command-line argument
[Package Manager] Cannot connect to Unity Package Manager local server
Mono: successfully reloaded assembly
- Completed reload, in  1.521 seconds
Domain Reload Profiling:
	ReloadAssembly (1522ms)
		BeginReloadAssembly (136ms)
			ExecutionOrderSort (0ms)
			DisableScriptedObjects (6ms)
			BackupInstance (0ms)
			ReleaseScriptingObjects (0ms)
			CreateAndSetChildDomain (21ms)
		EndReloadAssembly (1289ms)
			LoadAssemblies (103ms)
			RebuildTransferFunctionScriptingTraits (0ms)
			SetupTypeCache (219ms)
			ReleaseScriptCaches (1ms)
			RebuildScriptCaches (58ms)
			SetupLoadedEditorAssemblies (903ms)
				LogAssemblyErrors (0ms)
				InitializePlatformSupportModulesInManaged (4ms)
				SetLoadedEditorAssemblies (0ms)
				RefreshPlugins (101ms)
				BeforeProcessingInitializeOnLoad (106ms)
				ProcessInitializeOnLoadAttributes (651ms)
				ProcessInitializeOnLoadMethodAttributes (38ms)
				AfterProcessingInitializeOnLoad (2ms)
				EditorAssembliesLoaded (0ms)
			ExecutionOrderSort2 (0ms)
			AwakeInstancesAfterBackupRestoration (5ms)
Platform modules already initialized, skipping
========================================================================
Worker process is ready to serve import requests
Launched and connected shader compiler UnityShaderCompiler.exe after 0.04 seconds
Refreshing native plugins compatible for Editor in 0.62 ms, found 4 plugins.
Preloading 0 native plugins for Editor in 0.00 ms.
Unloading 3830 Unused Serialized files (Serialized files now loaded: 0)
Unloading 36 unused Assets / (46.8 KB). Loaded Objects now: 4288.
Memory consumption went from 148.3 MB to 148.3 MB.
Total: 2.789700 ms (FindLiveObjects: 0.305400 ms CreateObjectMapping: 0.113000 ms MarkObjects: 2.290000 ms  DeleteObjects: 0.080200 ms)

AssetImportParameters requested are different than current active one (requested -> active):
  custom:video-decoder-ogg-theora: a1e56fd34408186e4bbccfd4996cb3dc -> 
  custom:container-muxer-webm: aa71ff27fc2769a1b78a27578f13a17b -> 
  custom:container-demuxer-webm: 4f35f7cbe854078d1ac9338744f61a02 -> 
  custom:video-encoder-webm-vp8: eb34c28f22e8b96e1ab97ce403110664 -> 
  custom:CustomObjectIndexerAttribute: bc11b3a6c3213fcdd17b65e7da85e133 -> 
  custom:audio-encoder-webm-vorbis: bf7c407c2cedff20999df2af8eb42d56 -> 
  custom:framework-win-MediaFoundation: 216162199b28c13a410421893ffa2e32 -> 
  custom:SearchIndexIgnoredProperties: e643bd26f0fe6173181afceb89e7c659 -> 
  custom:container-demuxer-ogg: 62fdf1f143b41e24485cea50d1cbac27 -> 
  custom:video-decoder-webm-vp8: 9c59270c3fd7afecdb556c50c9e8de78 -> 
  custom:audio-decoder-ogg-vorbis: bf7c407c2cedff20999df2af8eb42d56 -> 
========================================================================
Received Import Request.
  Time since last request: 19413.996266 seconds.
  path: Assets/Sprites/Player/Colour1/NoOutline/120x80_PNGSheets/_Idle.png
  artifactKey: Guid(ff1048f1482e81d408c3bac1914e571b) Importer(815301076,1909f56bfc062723c751e8b465ee728b)
Number of updated assets reloaded before import = 0
Start importing Assets/Sprites/Player/Colour1/NoOutline/120x80_PNGSheets/_Idle.png using Guid(ff1048f1482e81d408c3bac1914e571b) Importer(815301076,1909f56bfc062723c751e8b465ee728b)  -> (artifact id: 'ea09c2f7be14d750a8e0c7df5355e068') in 0.107018 seconds 
Number of asset objects unloaded after import = 3
========================================================================
Received Import Request.
  Time since last request: 8.946652 seconds.
  path: Assets/Sprites/Level/Texture/TX Village Props.png
  artifactKey: Guid(a7f811e117b7d514fa7baeb14491718f) Importer(815301076,1909f56bfc062723c751e8b465ee728b)
Number of updated assets reloaded before import = 0
Start importing Assets/Sprites/Level/Texture/TX Village Props.png using Guid(a7f811e117b7d514fa7baeb14491718f) Importer(815301076,1909f56bfc062723c751e8b465ee728b)  -> (artifact id: '59b73699834c6441209b1fe83e65e98d') in 0.502056 seconds 
Number of asset objects unloaded after import = 182
========================================================================
Received Import Request.
  Time since last request: 3.466722 seconds.
  path: Assets/Sprites/Player
  artifactKey: Guid(704a543a681c1a14bba717ea5c6b887b) Importer(815301076,1909f56bfc062723c751e8b465ee728b)
Number of updated assets reloaded before import = 0
Start importing Assets/Sprites/Player using Guid(704a543a681c1a14bba717ea5c6b887b) Importer(815301076,1909f56bfc062723c751e8b465ee728b)  -> (artifact id: 'e41e62e5e778e673143b332ff6bd66d6') in 0.007378 seconds 
Number of asset objects unloaded after import = 0
========================================================================
Received Import Request.
  Time since last request: 1.404806 seconds.
  path: Assets/Sprites/Player/Colour1/Outline
  artifactKey: Guid(8781d4614053bf8428ca0cf490429ba0) Importer(815301076,1909f56bfc062723c751e8b465ee728b)
Number of updated assets reloaded before import = 0
Start importing Assets/Sprites/Player/Colour1/Outline using Guid(8781d4614053bf8428ca0cf490429ba0) Importer(815301076,1909f56bfc062723c751e8b465ee728b)  -> (artifact id: '336ddf8c80a36b2f649a9f6f70fcbbb1') in 0.007101 seconds 
Number of asset objects unloaded after import = 0
========================================================================
Received Import Request.
  Time since last request: 1.041490 seconds.
  path: Assets/Sprites/Player/Colour1/Outline/120x80_PNGSheets
  artifactKey: Guid(6a04655e2a011454e9788927c3637613) Importer(815301076,1909f56bfc062723c751e8b465ee728b)
Number of updated assets reloaded before import = 0
Start importing Assets/Sprites/Player/Colour1/Outline/120x80_PNGSheets using Guid(6a04655e2a011454e9788927c3637613) Importer(815301076,1909f56bfc062723c751e8b465ee728b)  -> (artifact id: 'f4f975015bcd357dc86c661ebbaa64c9') in 0.001683 seconds 
Number of asset objects unloaded after import = 0
========================================================================
Received Import Request.
  Time since last request: 0.066329 seconds.
  path: Assets/Sprites/Player/Colour1/Outline/120x80_PNGSheets/_Attack.png
  artifactKey: Guid(d1ca95f93f7d3e246802580172abbb12) Importer(815301076,1909f56bfc062723c751e8b465ee728b)
Number of updated assets reloaded before import = 0
Start importing Assets/Sprites/Player/Colour1/Outline/120x80_PNGSheets/_Attack.png using Guid(d1ca95f93f7d3e246802580172abbb12) Importer(815301076,1909f56bfc062723c751e8b465ee728b)  -> (artifact id: 'bf5bb4e8cf2da721d4fb3355c9de81dc') in 0.021703 seconds 
Number of asset objects unloaded after import = 3
========================================================================
Received Import Request.
  Time since last request: 0.000022 seconds.
  path: Assets/Sprites/Player/Colour1/Outline/120x80_PNGSheets/_Dash.png
  artifactKey: Guid(88534658f9191d64b98ef7a9aa13f089) Importer(815301076,1909f56bfc062723c751e8b465ee728b)
Number of updated assets reloaded before import = 0
Start importing Assets/Sprites/Player/Colour1/Outline/120x80_PNGSheets/_Dash.png using Guid(88534658f9191d64b98ef7a9aa13f089) Importer(815301076,1909f56bfc062723c751e8b465ee728b)  -> (artifact id: '010404c4820ed66be9140504027ae224') in 0.038544 seconds 
Number of asset objects unloaded after import = 3
========================================================================
Received Import Request.
  Time since last request: 0.000022 seconds.
  path: Assets/Sprites/Player/Colour1/Outline/120x80_PNGSheets/_Hit.png
  artifactKey: Guid(0c49434707f1a1f42ae298e3c509cc52) Importer(815301076,1909f56bfc062723c751e8b465ee728b)
Number of updated assets reloaded before import = 0
Start importing Assets/Sprites/Player/Colour1/Outline/120x80_PNGSheets/_Hit.png using Guid(0c49434707f1a1f42ae298e3c509cc52) Importer(815301076,1909f56bfc062723c751e8b465ee728b)  -> (artifact id: 'a31e2b8428c4db32d730dc280ea866a2') in 0.027522 seconds 
Number of asset objects unloaded after import = 3
========================================================================
Received Import Request.
  Time since last request: 0.000023 seconds.
  path: Assets/Sprites/Player/Colour1/Outline/120x80_PNGSheets/_TurnAround.png
  artifactKey: Guid(e1a5e6da9d7886f49955ea3a340d295f) Importer(815301076,1909f56bfc062723c751e8b465ee728b)
Number of updated assets reloaded before import = 0
Start importing Assets/Sprites/Player/Colour1/Outline/120x80_PNGSheets/_TurnAround.png using Guid(e1a5e6da9d7886f49955ea3a340d295f) Importer(815301076,1909f56bfc062723c751e8b465ee728b)  -> (artifact id: '30c7340834fdf8164413c8a2908ccc4b') in 0.031397 seconds 
Number of asset objects unloaded after import = 3
========================================================================
Received Import Request.
  Time since last request: 0.000022 seconds.
  path: Assets/Sprites/Player/Colour1/Outline/120x80_PNGSheets/_AttackNoMovement.png
  artifactKey: Guid(50ca5bf799fe5be4ebb0b371b14190ee) Importer(815301076,1909f56bfc062723c751e8b465ee728b)
Number of updated assets reloaded before import = 0
Start importing Assets/Sprites/Player/Colour1/Outline/120x80_PNGSheets/_AttackNoMovement.png using Guid(50ca5bf799fe5be4ebb0b371b14190ee) Importer(815301076,1909f56bfc062723c751e8b465ee728b)  -> (artifact id: '40e18d14988db4e1ed8f817708c5eae6') in 0.029151 seconds 
Number of asset objects unloaded after import = 3
========================================================================
Received Import Request.
  Time since last request: 0.000020 seconds.
  path: Assets/Sprites/Player/Colour1/Outline/120x80_PNGSheets/_Slide.png
  artifactKey: Guid(fc0da20688e5dfd44adaf23326425566) Importer(815301076,1909f56bfc062723c751e8b465ee728b)
Number of updated assets reloaded before import = 0
Start importing Assets/Sprites/Player/Colour1/Outline/120x80_PNGSheets/_Slide.png using Guid(fc0da20688e5dfd44adaf23326425566) Importer(815301076,1909f56bfc062723c751e8b465ee728b)  -> (artifact id: '646ebfec670dc43cc12a3fe98db45280') in 0.053032 seconds 
Number of asset objects unloaded after import = 3
========================================================================
Received Import Request.
  Time since last request: 0.000028 seconds.
  path: Assets/Sprites/Player/Colour1/Outline/120x80_PNGSheets/_CrouchWalk.png
  artifactKey: Guid(58bf612a133e3fa49922a16ae1d8288f) Importer(815301076,1909f56bfc062723c751e8b465ee728b)
Number of updated assets reloaded before import = 0
Start importing Assets/Sprites/Player/Colour1/Outline/120x80_PNGSheets/_CrouchWalk.png using Guid(58bf612a133e3fa49922a16ae1d8288f) Importer(815301076,1909f56bfc062723c751e8b465ee728b)  -> (artifact id: '7b407b7b1d0d621a9aa168d326f95061') in 0.033806 seconds 
Number of asset objects unloaded after import = 3
========================================================================
Received Import Request.
  Time since last request: 0.000020 seconds.
  path: Assets/Sprites/Player/Colour1/Outline/120x80_PNGSheets/_WallSlide.png
  artifactKey: Guid(b10519f32d443ee4e83814fbc46bde80) Importer(815301076,1909f56bfc062723c751e8b465ee728b)
Number of updated assets reloaded before import = 0
Start importing Assets/Sprites/Player/Colour1/Outline/120x80_PNGSheets/_WallSlide.png using Guid(b10519f32d443ee4e83814fbc46bde80) Importer(815301076,1909f56bfc062723c751e8b465ee728b)  -> (artifact id: '8b90f88c065f200e448ff2be3214f0de') in 0.025605 seconds 
Number of asset objects unloaded after import = 3
========================================================================
Received Import Request.
  Time since last request: 0.000020 seconds.
  path: Assets/Sprites/Player/Colour1/Outline/120x80_PNGSheets/_SlideTransitionEnd.png
  artifactKey: Guid(c130c233a1d21604b9077865090748ec) Importer(815301076,1909f56bfc062723c751e8b465ee728b)
Number of updated assets reloaded before import = 0
Start importing Assets/Sprites/Player/Colour1/Outline/120x80_PNGSheets/_SlideTransitionEnd.png using Guid(c130c233a1d21604b9077865090748ec) Importer(815301076,1909f56bfc062723c751e8b465ee728b)  -> (artifact id: 'bb446fecb0cc236a2c2c4438a9b4c314') in 0.028272 seconds 
Number of asset objects unloaded after import = 3
========================================================================
Received Import Request.
  Time since last request: 0.000025 seconds.
  path: Assets/Sprites/Player/Colour1/Outline/120x80_PNGSheets/_Roll.png
  artifactKey: Guid(37285496fe8d92147b89d54cf4d0df27) Importer(815301076,1909f56bfc062723c751e8b465ee728b)
Number of updated assets reloaded before import = 0
Start importing Assets/Sprites/Player/Colour1/Outline/120x80_PNGSheets/_Roll.png using Guid(37285496fe8d92147b89d54cf4d0df27) Importer(815301076,1909f56bfc062723c751e8b465ee728b)  -> (artifact id: '2819aa67afe8378fca39ce365b80d62c') in 0.049274 seconds 
Number of asset objects unloaded after import = 3
========================================================================
Received Import Request.
  Time since last request: 0.000036 seconds.
  path: Assets/Sprites/Player/Colour1/Outline/120x80_PNGSheets/_Idle.png
  artifactKey: Guid(6dd3dce814b4a324b90c8ddabb92626c) Importer(815301076,1909f56bfc062723c751e8b465ee728b)
Number of updated assets reloaded before import = 0
Start importing Assets/Sprites/Player/Colour1/Outline/120x80_PNGSheets/_Idle.png using Guid(6dd3dce814b4a324b90c8ddabb92626c) Importer(815301076,1909f56bfc062723c751e8b465ee728b)  -> (artifact id: 'd0ebb494aa90a3cc17f4db6b2a971e03') in 0.045220 seconds 
Number of asset objects unloaded after import = 3
========================================================================
Received Import Request.
  Time since last request: 0.000026 seconds.
  path: Assets/Sprites/Player/Colour1/Outline/120x80_PNGSheets/_DeathNoMovement.png
  artifactKey: Guid(219ea27d519219245a519d026f28d993) Importer(815301076,1909f56bfc062723c751e8b465ee728b)
Number of updated assets reloaded before import = 0
Start importing Assets/Sprites/Player/Colour1/Outline/120x80_PNGSheets/_DeathNoMovement.png using Guid(219ea27d519219245a519d026f28d993) Importer(815301076,1909f56bfc062723c751e8b465ee728b)  -> (artifact id: 'da9b19241b6624fe3110696c60ded6c4') in 0.025638 seconds 
Number of asset objects unloaded after import = 3
========================================================================
Received Import Request.
  Time since last request: 0.000024 seconds.
  path: Assets/Sprites/Player/Colour1/Outline/120x80_PNGSheets/_WallClimb.png
  artifactKey: Guid(420425c40d1a7f24386621ae4403d193) Importer(815301076,1909f56bfc062723c751e8b465ee728b)
Number of updated assets reloaded before import = 0
Start importing Assets/Sprites/Player/Colour1/Outline/120x80_PNGSheets/_WallClimb.png using Guid(420425c40d1a7f24386621ae4403d193) Importer(815301076,1909f56bfc062723c751e8b465ee728b)  -> (artifact id: 'ebfdd8d94d5a53696f8ada77f4da4d7b') in 0.020670 seconds 
Number of asset objects unloaded after import = 3
========================================================================
Received Import Request.
  Time since last request: 0.000040 seconds.
  path: Assets/Sprites/Player/Colour1/Outline/120x80_PNGSheets/_AttackCombo2hit.png
  artifactKey: Guid(cd4d3157c84aaff4ba0421b7b09c80b4) Importer(815301076,1909f56bfc062723c751e8b465ee728b)
Number of updated assets reloaded before import = 0
Start importing Assets/Sprites/Player/Colour1/Outline/120x80_PNGSheets/_AttackCombo2hit.png using Guid(cd4d3157c84aaff4ba0421b7b09c80b4) Importer(815301076,1909f56bfc062723c751e8b465ee728b)  -> (artifact id: '687b7aa5d764cf4d728f98a29f733f6b') in 0.023266 seconds 
Number of asset objects unloaded after import = 3
========================================================================
Received Import Request.
  Time since last request: 0.000017 seconds.
  path: Assets/Sprites/Player/Colour1/Outline/120x80_PNGSheets/_WallClimbNoMovement.png
  artifactKey: Guid(f3fd292033997894a80d84e86a625944) Importer(815301076,1909f56bfc062723c751e8b465ee728b)
Number of updated assets reloaded before import = 0
Start importing Assets/Sprites/Player/Colour1/Outline/120x80_PNGSheets/_WallClimbNoMovement.png using Guid(f3fd292033997894a80d84e86a625944) Importer(815301076,1909f56bfc062723c751e8b465ee728b)  -> (artifact id: 'afc08ad36d2e8868ffa20ff25652cff4') in 0.018306 seconds 
Number of asset objects unloaded after import = 3
========================================================================
Received Import Request.
  Time since last request: 0.000019 seconds.
  path: Assets/Sprites/Player/Colour1/Outline/120x80_PNGSheets/_JumpFallInbetween.png
  artifactKey: Guid(a0e7c1738cedfd74b92c886f73df5dd1) Importer(815301076,1909f56bfc062723c751e8b465ee728b)
Number of updated assets reloaded before import = 0
Start importing Assets/Sprites/Player/Colour1/Outline/120x80_PNGSheets/_JumpFallInbetween.png using Guid(a0e7c1738cedfd74b92c886f73df5dd1) Importer(815301076,1909f56bfc062723c751e8b465ee728b)  -> (artifact id: 'e192f85f8391ddcfb7e6d45e4b5b93b2') in 0.016510 seconds 
Number of asset objects unloaded after import = 3
========================================================================
Received Import Request.
  Time since last request: 0.000023 seconds.
  path: Assets/Sprites/Player/Colour1/Outline/120x80_PNGSheets/_CrouchTransition.png
  artifactKey: Guid(b3c2c0b525f6f9a4392b44e25c3aa5a3) Importer(815301076,1909f56bfc062723c751e8b465ee728b)
Number of updated assets reloaded before import = 0
Start importing Assets/Sprites/Player/Colour1/Outline/120x80_PNGSheets/_CrouchTransition.png using Guid(b3c2c0b525f6f9a4392b44e25c3aa5a3) Importer(815301076,1909f56bfc062723c751e8b465ee728b)  -> (artifact id: '2907a57a4f7f6ae0cdee1177ac085fe5') in 0.017348 seconds 
Number of asset objects unloaded after import = 3
========================================================================
Received Import Request.
  Time since last request: 18.086614 seconds.
  path: Assets/Sprites/Player/Colour1/Outline/120x80_gifs
  artifactKey: Guid(fe48fbb5c6ab4ef43ae22791aae4179d) Importer(815301076,1909f56bfc062723c751e8b465ee728b)
Number of updated assets reloaded before import = 0
Start importing Assets/Sprites/Player/Colour1/Outline/120x80_gifs using Guid(fe48fbb5c6ab4ef43ae22791aae4179d) Importer(815301076,1909f56bfc062723c751e8b465ee728b)  -> (artifact id: 'e4b48ae81ce188ae1d7b34c2fb3b8010') in 0.001734 seconds 
Number of asset objects unloaded after import = 0
========================================================================
Received Import Request.
  Time since last request: 13.478445 seconds.
  path: Assets/Sprites/Player/Colour1/NoOutline/120x80_PNGSheets/_Idle.png
  artifactKey: Guid(ff1048f1482e81d408c3bac1914e571b) Importer(815301076,1909f56bfc062723c751e8b465ee728b)
Number of updated assets reloaded before import = 0
Start importing Assets/Sprites/Player/Colour1/NoOutline/120x80_PNGSheets/_Idle.png using Guid(ff1048f1482e81d408c3bac1914e571b) Importer(815301076,1909f56bfc062723c751e8b465ee728b)  -> (artifact id: '47b16a18701f10f3b10723256eff6bde') in 0.013010 seconds 
Number of asset objects unloaded after import = 2
========================================================================
Received Import Request.
  Time since last request: 37.010292 seconds.
  path: Assets/Sprites/Player/Colour1/NoOutline/120x80_PNGSheets/_Idle.png
  artifactKey: Guid(ff1048f1482e81d408c3bac1914e571b) Importer(815301076,1909f56bfc062723c751e8b465ee728b)
Number of updated assets reloaded before import = 0
Start importing Assets/Sprites/Player/Colour1/NoOutline/120x80_PNGSheets/_Idle.png using Guid(ff1048f1482e81d408c3bac1914e571b) Importer(815301076,1909f56bfc062723c751e8b465ee728b)  -> (artifact id: '8c42da564a06ea170984744f01a0de49') in 0.049901 seconds 
Number of asset objects unloaded after import = 12
========================================================================
Received Import Request.
  Time since last request: 22.663558 seconds.
  path: ProjectSettings/TagManager.asset
  artifactKey: Guid(00000000000000003000000000000000) Importer(815301076,1909f56bfc062723c751e8b465ee728b)
Number of updated assets reloaded before import = 0
Start importing ProjectSettings/TagManager.asset using Guid(00000000000000003000000000000000) Importer(815301076,1909f56bfc062723c751e8b465ee728b)  -> (artifact id: '2e8f622ee9a5006ff9398ca52a951bd8') in 0.009423 seconds 
Number of asset objects unloaded after import = 0
========================================================================
Received Import Request.
  Time since last request: 251.128529 seconds.
  path: Assets/Sprites/Player/Colour1/NoOutline/120x80_gifs/__Run.gif
  artifactKey: Guid(29316d39b249ced4983fb10ea12542cb) Importer(815301076,1909f56bfc062723c751e8b465ee728b)
Number of updated assets reloaded before import = 0
Start importing Assets/Sprites/Player/Colour1/NoOutline/120x80_gifs/__Run.gif using Guid(29316d39b249ced4983fb10ea12542cb) Importer(815301076,1909f56bfc062723c751e8b465ee728b)  -> (artifact id: 'b49c440fe1afc981b1e1060ec073ccbb') in 0.013888 seconds 
Number of asset objects unloaded after import = 2
========================================================================
Received Import Request.
  Time since last request: 20.066669 seconds.
  path: Assets/Sprites/Player/Colour1/NoOutline/120x80_PNGSheets/_Run.png
  artifactKey: Guid(9ec33ad69c8b96a4896fed71c3d31275) Importer(815301076,1909f56bfc062723c751e8b465ee728b)
Number of updated assets reloaded before import = 0
Start importing Assets/Sprites/Player/Colour1/NoOutline/120x80_PNGSheets/_Run.png using Guid(9ec33ad69c8b96a4896fed71c3d31275) Importer(815301076,1909f56bfc062723c751e8b465ee728b)  -> (artifact id: 'b03f01f611a74dfef7cd64da5cd07de7') in 0.019786 seconds 
Number of asset objects unloaded after import = 3
========================================================================
Received Import Request.
  Time since last request: 2.915042 seconds.
  path: Assets/Sprites/Player/Colour1/NoOutline/120x80_PNGSheets/_Run.png
  artifactKey: Guid(9ec33ad69c8b96a4896fed71c3d31275) Importer(815301076,1909f56bfc062723c751e8b465ee728b)
Number of updated assets reloaded before import = 0
Start importing Assets/Sprites/Player/Colour1/NoOutline/120x80_PNGSheets/_Run.png using Guid(9ec33ad69c8b96a4896fed71c3d31275) Importer(815301076,1909f56bfc062723c751e8b465ee728b)  -> (artifact id: '019d0de16f03fbb2485aaf992c6e2168') in 0.012396 seconds 
Number of asset objects unloaded after import = 2
========================================================================
Received Import Request.
  Time since last request: 49.039851 seconds.
  path: Assets/Sprites/Player/Colour1/NoOutline/120x80_PNGSheets/_Run.png
  artifactKey: Guid(9ec33ad69c8b96a4896fed71c3d31275) Importer(815301076,1909f56bfc062723c751e8b465ee728b)
Number of updated assets reloaded before import = 0
Start importing Assets/Sprites/Player/Colour1/NoOutline/120x80_PNGSheets/_Run.png using Guid(9ec33ad69c8b96a4896fed71c3d31275) Importer(815301076,1909f56bfc062723c751e8b465ee728b)  -> (artifact id: 'b7961f84cff0a5819d6dc8efc6017837') in 0.066870 seconds 
Number of asset objects unloaded after import = 12
========================================================================
Received Import Request.
  Time since last request: 80.911416 seconds.
  path: Assets/Sprites/Player/Colour1/NoOutline/120x80_PNGSheets/_Death.png
  artifactKey: Guid(4d59416be324e234cb2fc8837992af5d) Importer(815301076,1909f56bfc062723c751e8b465ee728b)
Number of updated assets reloaded before import = 0
Start importing Assets/Sprites/Player/Colour1/NoOutline/120x80_PNGSheets/_Death.png using Guid(4d59416be324e234cb2fc8837992af5d) Importer(815301076,1909f56bfc062723c751e8b465ee728b)  -> (artifact id: '7ff4f602f78cd38c90c1db21adbdfd74') in 0.012730 seconds 
Number of asset objects unloaded after import = 2
========================================================================
Received Import Request.
  Time since last request: 35.905382 seconds.
  path: Assets/Sprites/Player/Colour1/NoOutline/120x80_PNGSheets/_Death.png
  artifactKey: Guid(4d59416be324e234cb2fc8837992af5d) Importer(815301076,1909f56bfc062723c751e8b465ee728b)
Number of updated assets reloaded before import = 0
Start importing Assets/Sprites/Player/Colour1/NoOutline/120x80_PNGSheets/_Death.png using Guid(4d59416be324e234cb2fc8837992af5d) Importer(815301076,1909f56bfc062723c751e8b465ee728b)  -> (artifact id: 'cf891fabd6b93f130cd2282f4d5a1086') in 0.070750 seconds 
Number of asset objects unloaded after import = 12
========================================================================
Received Import Request.
  Time since last request: 64.846609 seconds.
  path: Assets/Animation/Player/Death.anim
  artifactKey: Guid(2a006d6da85ed8f4cbd174148fc6bac5) Importer(815301076,1909f56bfc062723c751e8b465ee728b)
Number of updated assets reloaded before import = 0
Start importing Assets/Animation/Player/Death.anim using Guid(2a006d6da85ed8f4cbd174148fc6bac5) Importer(815301076,1909f56bfc062723c751e8b465ee728b)  -> (artifact id: 'dd853cc031a98fd5bdc4e06c617d6832') in 0.008869 seconds 
Number of asset objects unloaded after import = 1
========================================================================
Received Import Request.
  Time since last request: 3.718751 seconds.
  path: Assets/Animation/Player/Death.anim
  artifactKey: Guid(2a006d6da85ed8f4cbd174148fc6bac5) Importer(815301076,1909f56bfc062723c751e8b465ee728b)
Number of updated assets reloaded before import = 0
Start importing Assets/Animation/Player/Death.anim using Guid(2a006d6da85ed8f4cbd174148fc6bac5) Importer(815301076,1909f56bfc062723c751e8b465ee728b)  -> (artifact id: '09120559d8debd5cec8ae4b64435c762') in 0.002639 seconds 
Number of asset objects unloaded after import = 1
========================================================================
Received Import Request.
  Time since last request: 1.041548 seconds.
  path: Assets/Animation/Player/Idle.anim
  artifactKey: Guid(09347e4455a901c4fa09a610a436ea45) Importer(815301076,1909f56bfc062723c751e8b465ee728b)
Number of updated assets reloaded before import = 0
Start importing Assets/Animation/Player/Idle.anim using Guid(09347e4455a901c4fa09a610a436ea45) Importer(815301076,1909f56bfc062723c751e8b465ee728b)  -> (artifact id: '21a5c4ebca1efb4c23bac2879d7e78ca') in 0.008050 seconds 
Number of asset objects unloaded after import = 1
========================================================================
Received Import Request.
  Time since last request: 1.696168 seconds.
  path: Assets/Animation/Player/Run.anim
  artifactKey: Guid(f73cd22e633909f42ae305cd261948c5) Importer(815301076,1909f56bfc062723c751e8b465ee728b)
Number of updated assets reloaded before import = 0
Start importing Assets/Animation/Player/Run.anim using Guid(f73cd22e633909f42ae305cd261948c5) Importer(815301076,1909f56bfc062723c751e8b465ee728b)  -> (artifact id: 'a6b142159e802e2d51ca9e6c46625a9a') in 0.007999 seconds 
Number of asset objects unloaded after import = 1
========================================================================
Received Import Request.
  Time since last request: 8.330579 seconds.
  path: Assets/Animation/Player/_Idle_0.controller
  artifactKey: Guid(fe49abe6e2d48b143a6c84b61c082066) Importer(815301076,1909f56bfc062723c751e8b465ee728b)
Number of updated assets reloaded before import = 0
Start importing Assets/Animation/Player/_Idle_0.controller using Guid(fe49abe6e2d48b143a6c84b61c082066) Importer(815301076,1909f56bfc062723c751e8b465ee728b)  -> (artifact id: '8b6c07f401592f5498ce999879e1f554') in 0.010241 seconds 
Number of asset objects unloaded after import = 8
========================================================================
Received Prepare
Registering precompiled user dll's ...
Registered in 0.003687 seconds.
Begin MonoManager ReloadAssembly
Native extension for WindowsStandalone target not found
Refreshing native plugins compatible for Editor in 0.65 ms, found 4 plugins.
Preloading 0 native plugins for Editor in 0.00 ms.
[Package Manager] Server::EnsureServerProcessIsRunning -- launch failed, reason: Unity was launched with the -noUpm command-line argument
[Package Manager] Cannot connect to Unity Package Manager local server
Mono: successfully reloaded assembly
- Completed reload, in  1.290 seconds
Domain Reload Profiling:
	ReloadAssembly (1290ms)
		BeginReloadAssembly (131ms)
			ExecutionOrderSort (0ms)
			DisableScriptedObjects (6ms)
			BackupInstance (0ms)
			ReleaseScriptingObjects (0ms)
			CreateAndSetChildDomain (38ms)
		EndReloadAssembly (1083ms)
			LoadAssemblies (83ms)
			RebuildTransferFunctionScriptingTraits (0ms)
			SetupTypeCache (206ms)
			ReleaseScriptCaches (1ms)
			RebuildScriptCaches (48ms)
			SetupLoadedEditorAssemblies (724ms)
				LogAssemblyErrors (0ms)
				InitializePlatformSupportModulesInManaged (5ms)
				SetLoadedEditorAssemblies (0ms)
				RefreshPlugins (1ms)
				BeforeProcessingInitializeOnLoad (69ms)
				ProcessInitializeOnLoadAttributes (614ms)
				ProcessInitializeOnLoadMethodAttributes (33ms)
				AfterProcessingInitializeOnLoad (3ms)
				EditorAssembliesLoaded (0ms)
			ExecutionOrderSort2 (0ms)
			AwakeInstancesAfterBackupRestoration (6ms)
Platform modules already initialized, skipping
Refreshing native plugins compatible for Editor in 0.74 ms, found 4 plugins.
Preloading 0 native plugins for Editor in 0.00 ms.
Unloading 3819 Unused Serialized files (Serialized files now loaded: 0)
Unloading 26 unused Assets / (21.9 KB). Loaded Objects now: 4656.
Memory consumption went from 152.4 MB to 152.4 MB.
Total: 2.856600 ms (FindLiveObjects: 0.339300 ms CreateObjectMapping: 0.128400 ms MarkObjects: 2.360500 ms  DeleteObjects: 0.027100 ms)

AssetImportParameters requested are different than current active one (requested -> active):
  custom:video-decoder-ogg-theora: a1e56fd34408186e4bbccfd4996cb3dc -> 
  custom:container-muxer-webm: aa71ff27fc2769a1b78a27578f13a17b -> 
  custom:container-demuxer-webm: 4f35f7cbe854078d1ac9338744f61a02 -> 
  custom:video-encoder-webm-vp8: eb34c28f22e8b96e1ab97ce403110664 -> 
  custom:CustomObjectIndexerAttribute: bc11b3a6c3213fcdd17b65e7da85e133 -> 
  custom:audio-encoder-webm-vorbis: bf7c407c2cedff20999df2af8eb42d56 -> 
  custom:framework-win-MediaFoundation: 216162199b28c13a410421893ffa2e32 -> 
  custom:SearchIndexIgnoredProperties: e643bd26f0fe6173181afceb89e7c659 -> 
  custom:container-demuxer-ogg: 62fdf1f143b41e24485cea50d1cbac27 -> 
  custom:video-decoder-webm-vp8: 9c59270c3fd7afecdb556c50c9e8de78 -> 
  custom:audio-decoder-ogg-vorbis: bf7c407c2cedff20999df2af8eb42d56 -> 
========================================================================
Received Import Request.
  Time since last request: 148.551595 seconds.
  path: Assets/Animation/Player/_Idle_0.controller
  artifactKey: Guid(fe49abe6e2d48b143a6c84b61c082066) Importer(815301076,1909f56bfc062723c751e8b465ee728b)
Number of updated assets reloaded before import = 0
Start importing Assets/Animation/Player/_Idle_0.controller using Guid(fe49abe6e2d48b143a6c84b61c082066) Importer(815301076,1909f56bfc062723c751e8b465ee728b)  -> (artifact id: '6e539dcdf249e2f0866880515f5709dd') in 0.017319 seconds 
Number of asset objects unloaded after import = 12
========================================================================
Received Prepare
Registering precompiled user dll's ...
Registered in 0.003552 seconds.
Begin MonoManager ReloadAssembly
Native extension for WindowsStandalone target not found
Refreshing native plugins compatible for Editor in 0.70 ms, found 4 plugins.
Preloading 0 native plugins for Editor in 0.00 ms.
[Package Manager] Server::EnsureServerProcessIsRunning -- launch failed, reason: Unity was launched with the -noUpm command-line argument
[Package Manager] Cannot connect to Unity Package Manager local server
Mono: successfully reloaded assembly
- Completed reload, in  1.294 seconds
Domain Reload Profiling:
	ReloadAssembly (1295ms)
		BeginReloadAssembly (134ms)
			ExecutionOrderSort (0ms)
			DisableScriptedObjects (7ms)
			BackupInstance (0ms)
			ReleaseScriptingObjects (0ms)
			CreateAndSetChildDomain (35ms)
		EndReloadAssembly (1084ms)
			LoadAssemblies (86ms)
			RebuildTransferFunctionScriptingTraits (0ms)
			SetupTypeCache (212ms)
			ReleaseScriptCaches (1ms)
			RebuildScriptCaches (50ms)
			SetupLoadedEditorAssemblies (718ms)
				LogAssemblyErrors (0ms)
				InitializePlatformSupportModulesInManaged (4ms)
				SetLoadedEditorAssemblies (0ms)
				RefreshPlugins (1ms)
				BeforeProcessingInitializeOnLoad (67ms)
				ProcessInitializeOnLoadAttributes (610ms)
				ProcessInitializeOnLoadMethodAttributes (33ms)
				AfterProcessingInitializeOnLoad (2ms)
				EditorAssembliesLoaded (0ms)
			ExecutionOrderSort2 (0ms)
			AwakeInstancesAfterBackupRestoration (6ms)
Platform modules already initialized, skipping
Refreshing native plugins compatible for Editor in 0.73 ms, found 4 plugins.
Preloading 0 native plugins for Editor in 0.00 ms.
Unloading 3819 Unused Serialized files (Serialized files now loaded: 0)
Unloading 25 unused Assets / (21.9 KB). Loaded Objects now: 4659.
Memory consumption went from 152.4 MB to 152.4 MB.
Total: 2.829300 ms (FindLiveObjects: 0.331800 ms CreateObjectMapping: 0.127700 ms MarkObjects: 2.343100 ms  DeleteObjects: 0.025500 ms)

AssetImportParameters requested are different than current active one (requested -> active):
  custom:video-decoder-ogg-theora: a1e56fd34408186e4bbccfd4996cb3dc -> 
  custom:container-muxer-webm: aa71ff27fc2769a1b78a27578f13a17b -> 
  custom:container-demuxer-webm: 4f35f7cbe854078d1ac9338744f61a02 -> 
  custom:video-encoder-webm-vp8: eb34c28f22e8b96e1ab97ce403110664 -> 
  custom:CustomObjectIndexerAttribute: bc11b3a6c3213fcdd17b65e7da85e133 -> 
  custom:audio-encoder-webm-vorbis: bf7c407c2cedff20999df2af8eb42d56 -> 
  custom:framework-win-MediaFoundation: 216162199b28c13a410421893ffa2e32 -> 
  custom:SearchIndexIgnoredProperties: e643bd26f0fe6173181afceb89e7c659 -> 
  custom:container-demuxer-ogg: 62fdf1f143b41e24485cea50d1cbac27 -> 
  custom:video-decoder-webm-vp8: 9c59270c3fd7afecdb556c50c9e8de78 -> 
  custom:audio-decoder-ogg-vorbis: bf7c407c2cedff20999df2af8eb42d56 -> 
========================================================================
Received Prepare
Registering precompiled user dll's ...
Registered in 0.003759 seconds.
Begin MonoManager ReloadAssembly
Native extension for WindowsStandalone target not found
Refreshing native plugins compatible for Editor in 0.64 ms, found 4 plugins.
Preloading 0 native plugins for Editor in 0.00 ms.
[Package Manager] Server::EnsureServerProcessIsRunning -- launch failed, reason: Unity was launched with the -noUpm command-line argument
[Package Manager] Cannot connect to Unity Package Manager local server
Mono: successfully reloaded assembly
- Completed reload, in  1.295 seconds
Domain Reload Profiling:
	ReloadAssembly (1296ms)
		BeginReloadAssembly (125ms)
			ExecutionOrderSort (0ms)
			DisableScriptedObjects (6ms)
			BackupInstance (0ms)
			ReleaseScriptingObjects (0ms)
			CreateAndSetChildDomain (32ms)
		EndReloadAssembly (1093ms)
			LoadAssemblies (80ms)
			RebuildTransferFunctionScriptingTraits (0ms)
			SetupTypeCache (205ms)
			ReleaseScriptCaches (1ms)
			RebuildScriptCaches (46ms)
			SetupLoadedEditorAssemblies (732ms)
				LogAssemblyErrors (0ms)
				InitializePlatformSupportModulesInManaged (5ms)
				SetLoadedEditorAssemblies (0ms)
				RefreshPlugins (1ms)
				BeforeProcessingInitializeOnLoad (71ms)
				ProcessInitializeOnLoadAttributes (616ms)
				ProcessInitializeOnLoadMethodAttributes (36ms)
				AfterProcessingInitializeOnLoad (3ms)
				EditorAssembliesLoaded (0ms)
			ExecutionOrderSort2 (0ms)
			AwakeInstancesAfterBackupRestoration (8ms)
Platform modules already initialized, skipping
Refreshing native plugins compatible for Editor in 0.67 ms, found 4 plugins.
Preloading 0 native plugins for Editor in 0.00 ms.
Unloading 3819 Unused Serialized files (Serialized files now loaded: 0)
Unloading 25 unused Assets / (22.0 KB). Loaded Objects now: 4662.
Memory consumption went from 152.5 MB to 152.4 MB.
Total: 2.842700 ms (FindLiveObjects: 0.327300 ms CreateObjectMapping: 0.134500 ms MarkObjects: 2.354800 ms  DeleteObjects: 0.025000 ms)

AssetImportParameters requested are different than current active one (requested -> active):
  custom:video-decoder-ogg-theora: a1e56fd34408186e4bbccfd4996cb3dc -> 
  custom:container-muxer-webm: aa71ff27fc2769a1b78a27578f13a17b -> 
  custom:container-demuxer-webm: 4f35f7cbe854078d1ac9338744f61a02 -> 
  custom:video-encoder-webm-vp8: eb34c28f22e8b96e1ab97ce403110664 -> 
  custom:CustomObjectIndexerAttribute: bc11b3a6c3213fcdd17b65e7da85e133 -> 
  custom:audio-encoder-webm-vorbis: bf7c407c2cedff20999df2af8eb42d56 -> 
  custom:framework-win-MediaFoundation: 216162199b28c13a410421893ffa2e32 -> 
  custom:SearchIndexIgnoredProperties: e643bd26f0fe6173181afceb89e7c659 -> 
  custom:container-demuxer-ogg: 62fdf1f143b41e24485cea50d1cbac27 -> 
  custom:video-decoder-webm-vp8: 9c59270c3fd7afecdb556c50c9e8de78 -> 
  custom:audio-decoder-ogg-vorbis: bf7c407c2cedff20999df2af8eb42d56 -> 
